[31-Aug-2020 05:46:12 UTC] PHP Warning:  Error while sending QUERY packet. PID=42120 in C:\Users\nahoA\Local Sites\graphy\app\public\wp-includes\wp-db.php on line 2033
[31-Aug-2020 05:46:12 UTC] PHP Stack trace:
[31-Aug-2020 05:46:12 UTC] PHP   1. {main}() C:\Users\nahoA\AppData\Local\Programs\Local\resources\extraResources\bin\wp-cli\wp-cli.phar:0
[31-Aug-2020 05:46:12 UTC] PHP   2. include() C:\Users\nahoA\AppData\Local\Programs\Local\resources\extraResources\bin\wp-cli\wp-cli.phar:4
[31-Aug-2020 05:46:12 UTC] PHP   3. include() phar://C:/Users/nahoA/AppData/Local/Programs/Local/resources/extraResources/bin/wp-cli/wp-cli.phar/php/boot-phar.php:11
[31-Aug-2020 05:46:12 UTC] PHP   4. WP_CLI\bootstrap() phar://C:/Users/nahoA/AppData/Local/Programs/Local/resources/extraResources/bin/wp-cli/wp-cli.phar/vendor/wp-cli/wp-cli/php/wp-cli.php:27
[31-Aug-2020 05:46:12 UTC] PHP   5. WP_CLI\Bootstrap\LaunchRunner->process() phar://C:/Users/nahoA/AppData/Local/Programs/Local/resources/extraResources/bin/wp-cli/wp-cli.phar/vendor/wp-cli/wp-cli/php/bootstrap.php:74
[31-Aug-2020 05:46:12 UTC] PHP   6. WP_CLI\Runner->start() phar://C:/Users/nahoA/AppData/Local/Programs/Local/resources/extraResources/bin/wp-cli/wp-cli.phar/vendor/wp-cli/wp-cli/php/WP_CLI/Bootstrap/LaunchRunner.php:23
[31-Aug-2020 05:46:12 UTC] PHP   7. WP_CLI\Runner->run_command_and_exit() phar://C:/Users/nahoA/AppData/Local/Programs/Local/resources/extraResources/bin/wp-cli/wp-cli.phar/vendor/wp-cli/wp-cli/php/WP_CLI/Runner.php:1160
[31-Aug-2020 05:46:12 UTC] PHP   8. WP_CLI\Runner->run_command() phar://C:/Users/nahoA/AppData/Local/Programs/Local/resources/extraResources/bin/wp-cli/wp-cli.phar/vendor/wp-cli/wp-cli/php/WP_CLI/Runner.php:394
[31-Aug-2020 05:46:12 UTC] PHP   9. WP_CLI\Dispatcher\Subcommand->invoke() phar://C:/Users/nahoA/AppData/Local/Programs/Local/resources/extraResources/bin/wp-cli/wp-cli.phar/vendor/wp-cli/wp-cli/php/WP_CLI/Runner.php:371
[31-Aug-2020 05:46:12 UTC] PHP  10. call_user_func:{phar://C:/Users/nahoA/AppData/Local/Programs/Local/resources/extraResources/bin/wp-cli/wp-cli.phar/vendor/wp-cli/wp-cli/php/WP_CLI/Dispatcher/Subcommand.php:451}() phar://C:/Users/nahoA/AppData/Local/Programs/Local/resources/extraResources/bin/wp-cli/wp-cli.phar/vendor/wp-cli/wp-cli/php/WP_CLI/Dispatcher/Subcommand.php:451
[31-Aug-2020 05:46:12 UTC] PHP  11. WP_CLI\Dispatcher\CommandFactory::WP_CLI\Dispatcher\{closure:phar://C:/Users/nahoA/AppData/Local/Programs/Local/resources/extraResources/bin/wp-cli/wp-cli.phar/vendor/wp-cli/wp-cli/php/WP_CLI/Dispatcher/CommandFactory.php:95-102}() phar://C:/Users/nahoA/AppData/Local/Programs/Local/resources/extraResources/bin/wp-cli/wp-cli.phar/vendor/wp-cli/wp-cli/php/WP_CLI/Dispatcher/Subcommand.php:451
[31-Aug-2020 05:46:12 UTC] PHP  12. call_user_func:{phar://C:/Users/nahoA/AppData/Local/Programs/Local/resources/extraResources/bin/wp-cli/wp-cli.phar/vendor/wp-cli/wp-cli/php/WP_CLI/Dispatcher/CommandFactory.php:98}() phar://C:/Users/nahoA/AppData/Local/Programs/Local/resources/extraResources/bin/wp-cli/wp-cli.phar/vendor/wp-cli/wp-cli/php/WP_CLI/Dispatcher/CommandFactory.php:98
[31-Aug-2020 05:46:12 UTC] PHP  13. Core_Command->check_update() phar://C:/Users/nahoA/AppData/Local/Programs/Local/resources/extraResources/bin/wp-cli/wp-cli.phar/vendor/wp-cli/wp-cli/php/WP_CLI/Dispatcher/CommandFactory.php:98
[31-Aug-2020 05:46:12 UTC] PHP  14. Core_Command->get_updates() phar://C:/Users/nahoA/AppData/Local/Programs/Local/resources/extraResources/bin/wp-cli/wp-cli.phar/vendor/wp-cli/core-command/src/Core_Command.php:77
[31-Aug-2020 05:46:12 UTC] PHP  15. wp_version_check() phar://C:/Users/nahoA/AppData/Local/Programs/Local/resources/extraResources/bin/wp-cli/wp-cli.phar/vendor/wp-cli/core-command/src/Core_Command.php:1297
[31-Aug-2020 05:46:12 UTC] PHP  16. get_site_transient() C:\Users\nahoA\Local Sites\graphy\app\public\wp-includes\update.php:37
[31-Aug-2020 05:46:12 UTC] PHP  17. get_site_option() C:\Users\nahoA\Local Sites\graphy\app\public\wp-includes\option.php:1883
[31-Aug-2020 05:46:12 UTC] PHP  18. get_network_option() C:\Users\nahoA\Local Sites\graphy\app\public\wp-includes\option.php:1245
[31-Aug-2020 05:46:12 UTC] PHP  19. get_option() C:\Users\nahoA\Local Sites\graphy\app\public\wp-includes\option.php:1380
[31-Aug-2020 05:46:12 UTC] PHP  20. wpdb->get_row() C:\Users\nahoA\Local Sites\graphy\app\public\wp-includes\option.php:124
[31-Aug-2020 05:46:12 UTC] PHP  21. wpdb->query() C:\Users\nahoA\Local Sites\graphy\app\public\wp-includes\wp-db.php:2593
[31-Aug-2020 05:46:12 UTC] PHP  22. wpdb->_do_query() C:\Users\nahoA\Local Sites\graphy\app\public\wp-includes\wp-db.php:1922
[31-Aug-2020 05:46:12 UTC] PHP  23. mysqli_query() C:\Users\nahoA\Local Sites\graphy\app\public\wp-includes\wp-db.php:2033
